2017-05-08 08:12:15,754 INFO [org.springframework.context.support.FileSystemXmlApplicationContext] - Refreshing org.springframework.context.support.FileSystemXmlApplicationContext@151fe8a: startup date [Mon May 08 08:12:15 CST 2017]; root of context hierarchy
2017-05-08 08:12:15,797 INFO [org.springframework.beans.factory.xml.XmlBeanDefinitionReader] - Loading XML bean definitions from class path resource [omc_applicationContext.xml]
2017-05-08 08:12:16,612 INFO [org.apache.xbean.spring.context.ResourceXmlApplicationContext] - Refreshing org.apache.xbean.spring.context.ResourceXmlApplicationContext@1efb1c0: startup date [Mon May 08 08:12:16 CST 2017]; parent: org.springframework.context.support.FileSystemXmlApplicationContext@151fe8a
2017-05-08 08:12:16,616 INFO [org.apache.xbean.spring.context.v2.XBeanXmlBeanDefinitionReader] - Loading XML bean definitions from class path resource [activemq.xml]
2017-05-08 08:12:17,087 WARN [org.apache.activemq.broker.BrokerService] - Memory Usage for the Broker (1024mb) is more than the maximum available for the JVM: 247 mb - resetting to 70% of maximum available: 173 mb
2017-05-08 08:12:17,176 INFO [org.apache.activemq.broker.BrokerService] - Using Persistence Adapter: KahaDBPersistenceAdapter[F:\omc-system\omc-system\omc-ni-framework\activemq-data]
2017-05-08 08:12:17,550 INFO [org.apache.activemq.store.kahadb.MessageDatabase] - KahaDB is version 6
2017-05-08 08:12:17,611 INFO [org.apache.activemq.store.kahadb.MessageDatabase] - Recovering from the journal @1:950192
2017-05-08 08:12:17,620 INFO [org.apache.activemq.store.kahadb.MessageDatabase] - Recovery replayed 230 operations from the journal in 0.054 seconds.
2017-05-08 08:12:17,659 INFO [org.apache.activemq.store.kahadb.plist.PListStoreImpl] - PListStore:[F:\omc-system\omc-system\omc-ni-framework\activemq-data\amq-broker\tmp_storage] started
2017-05-08 08:12:17,825 INFO [org.apache.activemq.broker.BrokerService] - Apache ActiveMQ 5.14.2 (amq-broker, ID:X6X8-20160129LE-58517-1494202337670-0:1) is starting
2017-05-08 08:12:17,881 INFO [org.apache.activemq.transport.TransportServerThreadSupport] - Listening for connections at: nio://X6X8-20160129LE:61616
2017-05-08 08:12:17,882 INFO [org.apache.activemq.broker.TransportConnector] - Connector nio started
2017-05-08 08:12:17,882 INFO [org.apache.activemq.broker.BrokerService] - Apache ActiveMQ 5.14.2 (amq-broker, ID:X6X8-20160129LE-58517-1494202337670-0:1) started
2017-05-08 08:12:17,882 INFO [org.apache.activemq.broker.BrokerService] - For help or more information please see: http://activemq.apache.org
2017-05-08 08:12:17,884 WARN [org.apache.activemq.broker.BrokerService] - Store limit is 102400 mb (current store usage is 0 mb). The data directory: F:\omc-system\omc-system\omc-ni-framework\activemq-data only has 62789 mb of usable space. - resetting to maximum available disk space: 62789 mb
2017-05-08 08:12:17,973 INFO [com.ltln.modules.ni.omc.framework.log.Logger] - findAllClassPathResources in 
2017-05-08 08:12:17,973 INFO [com.ltln.modules.ni.omc.framework.log.Logger] - findAllClassPathResources in # # /F:/omc-system/omc-system/omc-ni-framework/target/classes/
2017-05-08 08:12:17,974 INFO [com.ltln.modules.ni.omc.framework.log.Logger] - findAllClassPathResources in # # /F:/omc-system/omc-system/omc-ni-core/target/classes/
2017-05-08 08:12:18,017 INFO [com.ltln.modules.ni.omc.framework.log.Logger] - findAllClassPathResources in com/ltln/modules/ni/omc/core/
2017-05-08 08:12:18,017 INFO [com.ltln.modules.ni.omc.framework.log.Logger] - findAllClassPathResources in #com/ltln/modules/ni/omc/core/ # /F:/omc-system/omc-system/omc-ni-core/target/classes/com/ltln/modules/ni/omc/core/
2017-05-08 08:12:18,030 INFO [com.ltln.modules.ni.omc.framework.log.Logger] - #ModuleCaller# ClassScanner scan com.ltln.modules.ni.omc.core,result is 3
2017-05-08 08:12:18,033 INFO [com.ltln.modules.ni.omc.framework.log.Logger] - Aware mgr:interface com.ltln.modules.ni.omc.core.IMgrInf
2017-05-08 08:12:18,034 INFO [org.springframework.remoting.rmi.RmiServiceExporter] - Looking for RMI registry at port '1099'
2017-05-08 08:12:19,212 INFO [org.springframework.remoting.rmi.RmiServiceExporter] - Could not detect RMI registry - creating new one
2017-05-08 08:12:19,252 INFO [org.springframework.remoting.rmi.RmiServiceExporter] - Binding service 'IMgrInf' to RMI registry: RegistryImpl[UnicastServerRef [liveRef: [endpoint:[10.11.1.11:1099](local),objID:[0:0:0, 0]]]]
2017-05-08 08:12:19,266 INFO [com.ltln.modules.ni.omc.framework.log.Logger] - Success to export mgr:com.ltln.modules.ni.omc.core.IMgrInf;serviceName:IMgrInf
2017-05-08 08:12:19,266 INFO [com.ltln.modules.ni.omc.framework.log.Logger] - Aware mgr:interface com.ltln.modules.ni.omc.core.IAlmInf
2017-05-08 08:12:19,268 INFO [org.springframework.remoting.rmi.RmiServiceExporter] - Binding service 'IAlmInf' to RMI registry: RegistryImpl[UnicastServerRef [liveRef: [endpoint:[10.11.1.11:1099](local),objID:[0:0:0, 0]]]]
2017-05-08 08:12:19,268 INFO [com.ltln.modules.ni.omc.framework.log.Logger] - Success to export mgr:com.ltln.modules.ni.omc.core.IAlmInf;serviceName:IAlmInf
2017-05-08 08:12:19,268 INFO [com.ltln.modules.ni.omc.framework.log.Logger] - Aware mgr:interface com.ltln.modules.ni.omc.core.IResInf
2017-05-08 08:12:19,272 INFO [org.springframework.remoting.rmi.RmiServiceExporter] - Binding service 'IResInf' to RMI registry: RegistryImpl[UnicastServerRef [liveRef: [endpoint:[10.11.1.11:1099](local),objID:[0:0:0, 0]]]]
2017-05-08 08:12:19,272 INFO [com.ltln.modules.ni.omc.framework.log.Logger] - Success to export mgr:com.ltln.modules.ni.omc.core.IResInf;serviceName:IResInf
2017-05-08 08:12:19,272 INFO [com.ltln.modules.ni.omc.framework.log.Logger] - Auto exporter mgr count:3
2017-05-08 08:15:01,112 INFO [org.springframework.context.support.FileSystemXmlApplicationContext] - Refreshing org.springframework.context.support.FileSystemXmlApplicationContext@151fe8a: startup date [Mon May 08 08:15:01 CST 2017]; root of context hierarchy
2017-05-08 08:15:01,152 INFO [org.springframework.beans.factory.xml.XmlBeanDefinitionReader] - Loading XML bean definitions from class path resource [omc_applicationContext.xml]
2017-05-08 08:15:01,762 INFO [org.apache.xbean.spring.context.ResourceXmlApplicationContext] - Refreshing org.apache.xbean.spring.context.ResourceXmlApplicationContext@1efb1c0: startup date [Mon May 08 08:15:01 CST 2017]; parent: org.springframework.context.support.FileSystemXmlApplicationContext@151fe8a
2017-05-08 08:15:01,764 INFO [org.apache.xbean.spring.context.v2.XBeanXmlBeanDefinitionReader] - Loading XML bean definitions from class path resource [activemq.xml]
2017-05-08 08:15:02,050 WARN [org.apache.activemq.broker.BrokerService] - Memory Usage for the Broker (1024mb) is more than the maximum available for the JVM: 247 mb - resetting to 70% of maximum available: 173 mb
2017-05-08 08:15:02,089 INFO [org.apache.activemq.broker.BrokerService] - Using Persistence Adapter: KahaDBPersistenceAdapter[F:\omc-system\omc-system\omc-ni-framework\activemq-data]
2017-05-08 08:15:02,304 INFO [org.apache.activemq.store.kahadb.MessageDatabase] - KahaDB is version 6
2017-05-08 08:15:02,344 INFO [org.apache.activemq.store.kahadb.MessageDatabase] - Recovering from the journal @1:950192
2017-05-08 08:15:02,356 INFO [org.apache.activemq.store.kahadb.MessageDatabase] - Recovery replayed 231 operations from the journal in 0.026 seconds.
2017-05-08 08:15:02,367 INFO [org.apache.activemq.store.kahadb.plist.PListStoreImpl] - PListStore:[F:\omc-system\omc-system\omc-ni-framework\activemq-data\amq-broker\tmp_storage] started
2017-05-08 08:15:02,513 INFO [org.apache.activemq.broker.BrokerService] - Apache ActiveMQ 5.14.2 (amq-broker, ID:X6X8-20160129LE-58529-1494202502379-0:1) is starting
2017-05-08 08:15:02,557 INFO [org.apache.activemq.transport.TransportServerThreadSupport] - Listening for connections at: nio://X6X8-20160129LE:61616
2017-05-08 08:15:02,557 INFO [org.apache.activemq.broker.TransportConnector] - Connector nio started
2017-05-08 08:15:02,558 INFO [org.apache.activemq.broker.BrokerService] - Apache ActiveMQ 5.14.2 (amq-broker, ID:X6X8-20160129LE-58529-1494202502379-0:1) started
2017-05-08 08:15:02,558 INFO [org.apache.activemq.broker.BrokerService] - For help or more information please see: http://activemq.apache.org
2017-05-08 08:15:02,559 WARN [org.apache.activemq.broker.BrokerService] - Store limit is 102400 mb (current store usage is 0 mb). The data directory: F:\omc-system\omc-system\omc-ni-framework\activemq-data only has 62797 mb of usable space. - resetting to maximum available disk space: 62797 mb
2017-05-08 08:15:02,637 INFO [com.ltln.modules.ni.omc.framework.log.Logger] - findAllClassPathResources in 
2017-05-08 08:15:02,638 INFO [com.ltln.modules.ni.omc.framework.log.Logger] - findAllClassPathResources in # # /F:/omc-system/omc-system/omc-ni-framework/target/classes/
2017-05-08 08:15:02,638 INFO [com.ltln.modules.ni.omc.framework.log.Logger] - findAllClassPathResources in # # /F:/omc-system/omc-system/omc-ni-core/target/classes/
2017-05-08 08:15:02,669 INFO [com.ltln.modules.ni.omc.framework.log.Logger] - findAllClassPathResources in com/ltln/modules/ni/omc/core/
2017-05-08 08:15:02,670 INFO [com.ltln.modules.ni.omc.framework.log.Logger] - findAllClassPathResources in #com/ltln/modules/ni/omc/core/ # /F:/omc-system/omc-system/omc-ni-core/target/classes/com/ltln/modules/ni/omc/core/
2017-05-08 08:15:02,680 INFO [com.ltln.modules.ni.omc.framework.log.Logger] - #ModuleCaller# ClassScanner scan com.ltln.modules.ni.omc.core,result is 3
2017-05-08 08:15:02,682 INFO [com.ltln.modules.ni.omc.framework.log.Logger] - Aware mgr:interface com.ltln.modules.ni.omc.core.IAlmInf
2017-05-08 08:15:02,683 INFO [org.springframework.remoting.rmi.RmiServiceExporter] - Looking for RMI registry at port '1099'
2017-05-08 08:15:03,842 INFO [org.springframework.remoting.rmi.RmiServiceExporter] - Could not detect RMI registry - creating new one
2017-05-08 08:15:03,872 INFO [org.springframework.remoting.rmi.RmiServiceExporter] - Binding service 'IAlmInf' to RMI registry: RegistryImpl[UnicastServerRef [liveRef: [endpoint:[10.11.1.11:1099](local),objID:[0:0:0, 0]]]]
2017-05-08 08:15:03,910 INFO [com.ltln.modules.ni.omc.framework.log.Logger] - Success to export mgr:com.ltln.modules.ni.omc.core.IAlmInf;serviceName:IAlmInf
2017-05-08 08:15:03,910 INFO [com.ltln.modules.ni.omc.framework.log.Logger] - Aware mgr:interface com.ltln.modules.ni.omc.core.IResInf
2017-05-08 08:15:03,912 INFO [org.springframework.remoting.rmi.RmiServiceExporter] - Binding service 'IResInf' to RMI registry: RegistryImpl[UnicastServerRef [liveRef: [endpoint:[10.11.1.11:1099](local),objID:[0:0:0, 0]]]]
2017-05-08 08:15:03,912 INFO [com.ltln.modules.ni.omc.framework.log.Logger] - Success to export mgr:com.ltln.modules.ni.omc.core.IResInf;serviceName:IResInf
2017-05-08 08:15:03,912 INFO [com.ltln.modules.ni.omc.framework.log.Logger] - Aware mgr:interface com.ltln.modules.ni.omc.core.IMgrInf
2017-05-08 08:15:03,913 INFO [org.springframework.remoting.rmi.RmiServiceExporter] - Binding service 'IMgrInf' to RMI registry: RegistryImpl[UnicastServerRef [liveRef: [endpoint:[10.11.1.11:1099](local),objID:[0:0:0, 0]]]]
2017-05-08 08:15:03,913 INFO [com.ltln.modules.ni.omc.framework.log.Logger] - Success to export mgr:com.ltln.modules.ni.omc.core.IMgrInf;serviceName:IMgrInf
2017-05-08 08:15:03,914 INFO [com.ltln.modules.ni.omc.framework.log.Logger] - Auto exporter mgr count:3
2017-05-11 13:12:47,390 INFO [org.springframework.context.support.FileSystemXmlApplicationContext] - Refreshing org.springframework.context.support.FileSystemXmlApplicationContext@aee320: startup date [Thu May 11 13:12:47 CST 2017]; root of context hierarchy
2017-05-11 13:12:47,450 INFO [org.springframework.beans.factory.xml.XmlBeanDefinitionReader] - Loading XML bean definitions from class path resource [omc_applicationContext.xml]
2017-05-11 13:12:48,157 INFO [org.apache.xbean.spring.context.ResourceXmlApplicationContext] - Refreshing org.apache.xbean.spring.context.ResourceXmlApplicationContext@184780b: startup date [Thu May 11 13:12:48 CST 2017]; parent: org.springframework.context.support.FileSystemXmlApplicationContext@aee320
2017-05-11 13:12:48,159 INFO [org.apache.xbean.spring.context.v2.XBeanXmlBeanDefinitionReader] - Loading XML bean definitions from class path resource [activemq.xml]
2017-05-11 13:12:48,455 WARN [org.apache.activemq.broker.BrokerService] - Memory Usage for the Broker (1024mb) is more than the maximum available for the JVM: 247 mb - resetting to 70% of maximum available: 173 mb
2017-05-11 13:12:48,507 INFO [org.apache.activemq.broker.BrokerService] - Using Persistence Adapter: KahaDBPersistenceAdapter[F:\omc-system\omc-system\omc-ni-framework\activemq-data]
2017-05-11 13:12:48,870 INFO [org.apache.activemq.store.kahadb.MessageDatabase] - KahaDB is version 6
2017-05-11 13:12:48,943 INFO [org.apache.activemq.store.kahadb.MessageDatabase] - Recovering from the journal @1:978109
2017-05-11 13:12:48,944 INFO [org.apache.activemq.store.kahadb.MessageDatabase] - Recovery replayed 4 operations from the journal in 0.049 seconds.
2017-05-11 13:12:48,987 INFO [org.apache.activemq.store.kahadb.plist.PListStoreImpl] - PListStore:[F:\omc-system\omc-system\omc-ni-framework\activemq-data\amq-broker\tmp_storage] started
2017-05-11 13:12:49,156 INFO [org.apache.activemq.broker.BrokerService] - Apache ActiveMQ 5.14.2 (amq-broker, ID:X6X8-20160129LE-55718-1494479569000-0:1) is starting
2017-05-11 13:12:49,203 INFO [org.apache.activemq.transport.TransportServerThreadSupport] - Listening for connections at: nio://X6X8-20160129LE:61616
2017-05-11 13:12:49,204 INFO [org.apache.activemq.broker.TransportConnector] - Connector nio started
2017-05-11 13:12:49,204 INFO [org.apache.activemq.broker.BrokerService] - Apache ActiveMQ 5.14.2 (amq-broker, ID:X6X8-20160129LE-55718-1494479569000-0:1) started
2017-05-11 13:12:49,204 INFO [org.apache.activemq.broker.BrokerService] - For help or more information please see: http://activemq.apache.org
2017-05-11 13:12:49,205 WARN [org.apache.activemq.broker.BrokerService] - Store limit is 102400 mb (current store usage is 0 mb). The data directory: F:\omc-system\omc-system\omc-ni-framework\activemq-data only has 66629 mb of usable space. - resetting to maximum available disk space: 66629 mb
2017-05-11 13:12:49,284 INFO [com.ltln.modules.ni.omc.framework.log.Logger] - findAllClassPathResources in 
2017-05-11 13:12:49,284 INFO [com.ltln.modules.ni.omc.framework.log.Logger] - findAllClassPathResources in # # /F:/omc-system/omc-system/omc-ni-framework/target/classes/
2017-05-11 13:12:49,284 INFO [com.ltln.modules.ni.omc.framework.log.Logger] - findAllClassPathResources in # # /F:/omc-system/omc-system/omc-ni-core/target/classes/
2017-05-11 13:12:49,321 INFO [com.ltln.modules.ni.omc.framework.log.Logger] - findAllClassPathResources in com/ltln/modules/ni/omc/core/
2017-05-11 13:12:49,322 INFO [com.ltln.modules.ni.omc.framework.log.Logger] - findAllClassPathResources in #com/ltln/modules/ni/omc/core/ # /F:/omc-system/omc-system/omc-ni-core/target/classes/com/ltln/modules/ni/omc/core/
2017-05-11 13:12:49,332 INFO [com.ltln.modules.ni.omc.framework.log.Logger] - #ModuleCaller# ClassScanner scan com.ltln.modules.ni.omc.core,result is 3
2017-05-11 13:12:49,349 INFO [com.ltln.modules.ni.omc.framework.log.Logger] - Aware mgr:interface com.ltln.modules.ni.omc.core.IResInf
2017-05-11 13:12:49,350 INFO [org.springframework.remoting.rmi.RmiServiceExporter] - Looking for RMI registry at port '1099'
2017-05-11 13:12:50,537 INFO [org.springframework.remoting.rmi.RmiServiceExporter] - Could not detect RMI registry - creating new one
2017-05-11 13:12:50,583 INFO [org.springframework.remoting.rmi.RmiServiceExporter] - Binding service 'IResInf' to RMI registry: RegistryImpl[UnicastServerRef [liveRef: [endpoint:[10.11.1.11:1099](local),objID:[0:0:0, 0]]]]
2017-05-11 13:12:50,586 INFO [com.ltln.modules.ni.omc.framework.log.Logger] - Success to export mgr:com.ltln.modules.ni.omc.core.IResInf;serviceName:IResInf
2017-05-11 13:12:50,586 INFO [com.ltln.modules.ni.omc.framework.log.Logger] - Aware mgr:interface com.ltln.modules.ni.omc.core.IAlmInf
2017-05-11 13:12:50,587 INFO [org.springframework.remoting.rmi.RmiServiceExporter] - Binding service 'IAlmInf' to RMI registry: RegistryImpl[UnicastServerRef [liveRef: [endpoint:[10.11.1.11:1099](local),objID:[0:0:0, 0]]]]
2017-05-11 13:12:50,588 INFO [com.ltln.modules.ni.omc.framework.log.Logger] - Success to export mgr:com.ltln.modules.ni.omc.core.IAlmInf;serviceName:IAlmInf
2017-05-11 13:12:50,588 INFO [com.ltln.modules.ni.omc.framework.log.Logger] - Aware mgr:interface com.ltln.modules.ni.omc.core.IMgrInf
2017-05-11 13:12:50,589 INFO [org.springframework.remoting.rmi.RmiServiceExporter] - Binding service 'IMgrInf' to RMI registry: RegistryImpl[UnicastServerRef [liveRef: [endpoint:[10.11.1.11:1099](local),objID:[0:0:0, 0]]]]
2017-05-11 13:12:50,589 INFO [com.ltln.modules.ni.omc.framework.log.Logger] - Success to export mgr:com.ltln.modules.ni.omc.core.IMgrInf;serviceName:IMgrInf
2017-05-11 13:12:50,589 INFO [com.ltln.modules.ni.omc.framework.log.Logger] - Auto exporter mgr count:3
2017-05-11 13:16:22,343 WARN [org.apache.activemq.broker.TransportConnection.Transport] - Transport Connection to: tcp://127.0.0.1:55739 failed: java.io.IOException: 远程主机强迫关闭了一个现有的连接。
2017-05-11 13:20:16,858 INFO [org.springframework.context.support.FileSystemXmlApplicationContext] - Refreshing org.springframework.context.support.FileSystemXmlApplicationContext@1e45e3: startup date [Thu May 11 13:20:16 CST 2017]; root of context hierarchy
2017-05-11 13:20:16,906 INFO [org.springframework.beans.factory.xml.XmlBeanDefinitionReader] - Loading XML bean definitions from class path resource [omc_applicationContext.xml]
2017-05-11 13:20:17,516 INFO [org.apache.xbean.spring.context.ResourceXmlApplicationContext] - Refreshing org.apache.xbean.spring.context.ResourceXmlApplicationContext@143bc0f: startup date [Thu May 11 13:20:17 CST 2017]; parent: org.springframework.context.support.FileSystemXmlApplicationContext@1e45e3
2017-05-11 13:20:17,518 INFO [org.apache.xbean.spring.context.v2.XBeanXmlBeanDefinitionReader] - Loading XML bean definitions from class path resource [activemq.xml]
2017-05-11 13:20:17,789 WARN [org.apache.activemq.broker.BrokerService] - Memory Usage for the Broker (1024mb) is more than the maximum available for the JVM: 247 mb - resetting to 70% of maximum available: 173 mb
2017-05-11 13:20:17,829 INFO [org.apache.activemq.broker.BrokerService] - Using Persistence Adapter: KahaDBPersistenceAdapter[F:\omc-system\omc-system\omc-ni-framework\activemq-data]
2017-05-11 13:20:18,024 INFO [org.apache.activemq.store.kahadb.MessageDatabase] - KahaDB is version 6
2017-05-11 13:20:18,054 INFO [org.apache.activemq.store.kahadb.MessageDatabase] - Recovering from the journal @1:979060
2017-05-11 13:20:18,056 INFO [org.apache.activemq.store.kahadb.MessageDatabase] - Recovery replayed 42 operations from the journal in 0.012 seconds.
2017-05-11 13:20:18,097 INFO [org.apache.activemq.store.kahadb.plist.PListStoreImpl] - PListStore:[F:\omc-system\omc-system\omc-ni-framework\activemq-data\amq-broker\tmp_storage] started
2017-05-11 13:20:18,245 INFO [org.apache.activemq.broker.BrokerService] - Apache ActiveMQ 5.14.2 (amq-broker, ID:X6X8-20160129LE-55791-1494480018110-0:1) is starting
2017-05-11 13:20:18,290 INFO [org.apache.activemq.transport.TransportServerThreadSupport] - Listening for connections at: nio://X6X8-20160129LE:61616
2017-05-11 13:20:18,290 INFO [org.apache.activemq.broker.TransportConnector] - Connector nio started
2017-05-11 13:20:18,291 INFO [org.apache.activemq.broker.BrokerService] - Apache ActiveMQ 5.14.2 (amq-broker, ID:X6X8-20160129LE-55791-1494480018110-0:1) started
2017-05-11 13:20:18,291 INFO [org.apache.activemq.broker.BrokerService] - For help or more information please see: http://activemq.apache.org
2017-05-11 13:20:18,292 WARN [org.apache.activemq.broker.BrokerService] - Store limit is 102400 mb (current store usage is 0 mb). The data directory: F:\omc-system\omc-system\omc-ni-framework\activemq-data only has 66611 mb of usable space. - resetting to maximum available disk space: 66611 mb
2017-05-11 13:20:18,371 INFO [com.ltln.modules.ni.omc.framework.log.Logger] - findAllClassPathResources in 
2017-05-11 13:20:18,372 INFO [com.ltln.modules.ni.omc.framework.log.Logger] - findAllClassPathResources in # # /F:/omc-system/omc-system/omc-ni-framework/target/classes/
2017-05-11 13:20:18,372 INFO [com.ltln.modules.ni.omc.framework.log.Logger] - findAllClassPathResources in # # /F:/omc-system/omc-system/omc-ni-core/target/classes/
2017-05-11 13:20:18,406 INFO [com.ltln.modules.ni.omc.framework.log.Logger] - findAllClassPathResources in com/ltln/modules/ni/omc/core/
2017-05-11 13:20:18,407 INFO [com.ltln.modules.ni.omc.framework.log.Logger] - findAllClassPathResources in #com/ltln/modules/ni/omc/core/ # /F:/omc-system/omc-system/omc-ni-core/target/classes/com/ltln/modules/ni/omc/core/
2017-05-11 13:20:18,417 INFO [com.ltln.modules.ni.omc.framework.log.Logger] - #ModuleCaller# ClassScanner scan com.ltln.modules.ni.omc.core,result is 3
2017-05-11 13:20:18,420 INFO [com.ltln.modules.ni.omc.framework.log.Logger] - Aware mgr:interface com.ltln.modules.ni.omc.core.IResInf
2017-05-11 13:20:18,421 INFO [org.springframework.remoting.rmi.RmiServiceExporter] - Looking for RMI registry at port '1099'
2017-05-11 13:20:19,590 INFO [org.springframework.remoting.rmi.RmiServiceExporter] - Could not detect RMI registry - creating new one
2017-05-11 13:20:19,630 INFO [org.springframework.remoting.rmi.RmiServiceExporter] - Binding service 'IResInf' to RMI registry: RegistryImpl[UnicastServerRef [liveRef: [endpoint:[10.11.1.11:1099](local),objID:[0:0:0, 0]]]]
2017-05-11 13:20:19,634 INFO [com.ltln.modules.ni.omc.framework.log.Logger] - Success to export mgr:com.ltln.modules.ni.omc.core.IResInf;serviceName:IResInf
2017-05-11 13:20:19,634 INFO [com.ltln.modules.ni.omc.framework.log.Logger] - Aware mgr:interface com.ltln.modules.ni.omc.core.IAlmInf
2017-05-11 13:20:19,636 INFO [org.springframework.remoting.rmi.RmiServiceExporter] - Binding service 'IAlmInf' to RMI registry: RegistryImpl[UnicastServerRef [liveRef: [endpoint:[10.11.1.11:1099](local),objID:[0:0:0, 0]]]]
2017-05-11 13:20:19,637 INFO [com.ltln.modules.ni.omc.framework.log.Logger] - Success to export mgr:com.ltln.modules.ni.omc.core.IAlmInf;serviceName:IAlmInf
2017-05-11 13:20:19,637 INFO [com.ltln.modules.ni.omc.framework.log.Logger] - Aware mgr:interface com.ltln.modules.ni.omc.core.IMgrInf
2017-05-11 13:20:19,638 INFO [org.springframework.remoting.rmi.RmiServiceExporter] - Binding service 'IMgrInf' to RMI registry: RegistryImpl[UnicastServerRef [liveRef: [endpoint:[10.11.1.11:1099](local),objID:[0:0:0, 0]]]]
2017-05-11 13:20:19,638 INFO [com.ltln.modules.ni.omc.framework.log.Logger] - Success to export mgr:com.ltln.modules.ni.omc.core.IMgrInf;serviceName:IMgrInf
2017-05-11 13:20:19,638 INFO [com.ltln.modules.ni.omc.framework.log.Logger] - Auto exporter mgr count:3
2017-05-11 13:40:24,898 WARN [org.apache.activemq.broker.TransportConnection.Transport] - Transport Connection to: tcp://127.0.0.1:55996 failed: java.io.IOException: 远程主机强迫关闭了一个现有的连接。
2017-05-11 13:41:57,053 WARN [org.apache.activemq.broker.TransportConnection.Transport] - Transport Connection to: tcp://127.0.0.1:56066 failed: java.io.IOException: 远程主机强迫关闭了一个现有的连接。
2017-05-11 16:43:40,601 INFO [org.springframework.context.support.FileSystemXmlApplicationContext] - Refreshing org.springframework.context.support.FileSystemXmlApplicationContext@1e45e3: startup date [Thu May 11 16:43:40 CST 2017]; root of context hierarchy
2017-05-11 16:43:40,643 INFO [org.springframework.beans.factory.xml.XmlBeanDefinitionReader] - Loading XML bean definitions from class path resource [omc_applicationContext.xml]
2017-05-11 16:43:41,280 INFO [org.apache.xbean.spring.context.ResourceXmlApplicationContext] - Refreshing org.apache.xbean.spring.context.ResourceXmlApplicationContext@143bc0f: startup date [Thu May 11 16:43:41 CST 2017]; parent: org.springframework.context.support.FileSystemXmlApplicationContext@1e45e3
2017-05-11 16:43:41,284 INFO [org.apache.xbean.spring.context.v2.XBeanXmlBeanDefinitionReader] - Loading XML bean definitions from class path resource [activemq.xml]
2017-05-11 16:43:41,564 WARN [org.apache.activemq.broker.BrokerService] - Memory Usage for the Broker (1024mb) is more than the maximum available for the JVM: 247 mb - resetting to 70% of maximum available: 173 mb
2017-05-11 16:43:41,604 INFO [org.apache.activemq.broker.BrokerService] - Using Persistence Adapter: KahaDBPersistenceAdapter[F:\omc-system\omc-system\omc-ni-framework\activemq-data]
2017-05-11 16:43:41,921 INFO [org.apache.activemq.store.kahadb.MessageDatabase] - KahaDB is version 6
2017-05-11 16:43:41,968 INFO [org.apache.activemq.store.kahadb.MessageDatabase] - Recovering from the journal @1:984533
2017-05-11 16:43:41,997 INFO [org.apache.activemq.store.kahadb.MessageDatabase] - Recovery replayed 673 operations from the journal in 0.043 seconds.
2017-05-11 16:43:42,038 INFO [org.apache.activemq.store.kahadb.plist.PListStoreImpl] - PListStore:[F:\omc-system\omc-system\omc-ni-framework\activemq-data\amq-broker\tmp_storage] started
2017-05-11 16:43:42,201 INFO [org.apache.activemq.broker.BrokerService] - Apache ActiveMQ 5.14.2 (amq-broker, ID:X6X8-20160129LE-56564-1494492222050-0:1) is starting
2017-05-11 16:43:42,249 INFO [org.apache.activemq.transport.TransportServerThreadSupport] - Listening for connections at: nio://X6X8-20160129LE:61616
2017-05-11 16:43:42,249 INFO [org.apache.activemq.broker.TransportConnector] - Connector nio started
2017-05-11 16:43:42,250 INFO [org.apache.activemq.broker.BrokerService] - Apache ActiveMQ 5.14.2 (amq-broker, ID:X6X8-20160129LE-56564-1494492222050-0:1) started
2017-05-11 16:43:42,250 INFO [org.apache.activemq.broker.BrokerService] - For help or more information please see: http://activemq.apache.org
2017-05-11 16:43:42,251 WARN [org.apache.activemq.broker.BrokerService] - Store limit is 102400 mb (current store usage is 1 mb). The data directory: F:\omc-system\omc-system\omc-ni-framework\activemq-data only has 66610 mb of usable space. - resetting to maximum available disk space: 66610 mb
2017-05-11 16:43:42,328 INFO [com.ltln.modules.ni.omc.framework.log.Logger] - findAllClassPathResources in 
2017-05-11 16:43:42,328 INFO [com.ltln.modules.ni.omc.framework.log.Logger] - findAllClassPathResources in # # /F:/omc-system/omc-system/omc-ni-framework/target/classes/
2017-05-11 16:43:42,329 INFO [com.ltln.modules.ni.omc.framework.log.Logger] - findAllClassPathResources in # # /F:/omc-system/omc-system/omc-ni-core/target/classes/
2017-05-11 16:43:42,362 INFO [com.ltln.modules.ni.omc.framework.log.Logger] - findAllClassPathResources in com/ltln/modules/ni/omc/core/
2017-05-11 16:43:42,362 INFO [com.ltln.modules.ni.omc.framework.log.Logger] - findAllClassPathResources in #com/ltln/modules/ni/omc/core/ # /F:/omc-system/omc-system/omc-ni-core/target/classes/com/ltln/modules/ni/omc/core/
2017-05-11 16:43:42,372 INFO [com.ltln.modules.ni.omc.framework.log.Logger] - #ModuleCaller# ClassScanner scan com.ltln.modules.ni.omc.core,result is 3
2017-05-11 16:43:42,375 INFO [com.ltln.modules.ni.omc.framework.log.Logger] - Aware mgr:interface com.ltln.modules.ni.omc.core.IResInf
2017-05-11 16:43:42,376 INFO [org.springframework.remoting.rmi.RmiServiceExporter] - Looking for RMI registry at port '1099'
2017-05-11 16:43:43,537 INFO [org.springframework.remoting.rmi.RmiServiceExporter] - Could not detect RMI registry - creating new one
2017-05-11 16:43:43,560 INFO [org.springframework.remoting.rmi.RmiServiceExporter] - Binding service 'IResInf' to RMI registry: RegistryImpl[UnicastServerRef [liveRef: [endpoint:[10.11.1.11:1099](local),objID:[0:0:0, 0]]]]
2017-05-11 16:43:43,565 INFO [com.ltln.modules.ni.omc.framework.log.Logger] - Success to export mgr:com.ltln.modules.ni.omc.core.IResInf;serviceName:IResInf
2017-05-11 16:43:43,565 INFO [com.ltln.modules.ni.omc.framework.log.Logger] - Aware mgr:interface com.ltln.modules.ni.omc.core.IAlmInf
2017-05-11 16:43:43,567 INFO [org.springframework.remoting.rmi.RmiServiceExporter] - Binding service 'IAlmInf' to RMI registry: RegistryImpl[UnicastServerRef [liveRef: [endpoint:[10.11.1.11:1099](local),objID:[0:0:0, 0]]]]
2017-05-11 16:43:43,567 INFO [com.ltln.modules.ni.omc.framework.log.Logger] - Success to export mgr:com.ltln.modules.ni.omc.core.IAlmInf;serviceName:IAlmInf
2017-05-11 16:43:43,567 INFO [com.ltln.modules.ni.omc.framework.log.Logger] - Aware mgr:interface com.ltln.modules.ni.omc.core.IMgrInf
2017-05-11 16:43:43,569 INFO [org.springframework.remoting.rmi.RmiServiceExporter] - Binding service 'IMgrInf' to RMI registry: RegistryImpl[UnicastServerRef [liveRef: [endpoint:[10.11.1.11:1099](local),objID:[0:0:0, 0]]]]
2017-05-11 16:43:43,569 INFO [com.ltln.modules.ni.omc.framework.log.Logger] - Success to export mgr:com.ltln.modules.ni.omc.core.IMgrInf;serviceName:IMgrInf
2017-05-11 16:43:43,570 INFO [com.ltln.modules.ni.omc.framework.log.Logger] - Auto exporter mgr count:3
2017-05-11 17:02:11,345 WARN [org.apache.activemq.broker.TransportConnection.Transport] - Transport Connection to: tcp://127.0.0.1:56568 failed: java.io.IOException: 远程主机强迫关闭了一个现有的连接。
2017-05-11 17:06:50,790 WARN [org.apache.activemq.broker.TransportConnection.Transport] - Transport Connection to: tcp://127.0.0.1:56642 failed: java.io.IOException: 远程主机强迫关闭了一个现有的连接。
2017-05-11 17:26:47,502 WARN [org.apache.activemq.broker.TransportConnection.Transport] - Transport Connection to: tcp://127.0.0.1:56894 failed: java.io.IOException: 远程主机强迫关闭了一个现有的连接。
2017-05-11 17:30:55,977 WARN [org.apache.activemq.broker.TransportConnection.Transport] - Transport Connection to: tcp://127.0.0.1:56954 failed: java.io.IOException: 远程主机强迫关闭了一个现有的连接。
2017-05-12 13:02:58,325 WARN [org.apache.activemq.broker.TransportConnection.Transport] - Transport Connection to: tcp://127.0.0.1:60766 failed: java.io.IOException: 远程主机强迫关闭了一个现有的连接。
2017-05-16 15:21:16,130 INFO [org.springframework.context.support.FileSystemXmlApplicationContext] - Refreshing org.springframework.context.support.FileSystemXmlApplicationContext@151fe8a: startup date [Tue May 16 15:21:16 CST 2017]; root of context hierarchy
2017-05-16 15:21:16,193 INFO [org.springframework.beans.factory.xml.XmlBeanDefinitionReader] - Loading XML bean definitions from class path resource [omc_applicationContext.xml]
2017-05-16 15:21:17,051 INFO [org.apache.xbean.spring.context.ResourceXmlApplicationContext] - Refreshing org.apache.xbean.spring.context.ResourceXmlApplicationContext@171179a: startup date [Tue May 16 15:21:17 CST 2017]; parent: org.springframework.context.support.FileSystemXmlApplicationContext@151fe8a
2017-05-16 15:21:17,053 INFO [org.apache.xbean.spring.context.v2.XBeanXmlBeanDefinitionReader] - Loading XML bean definitions from class path resource [activemq.xml]
2017-05-16 15:21:17,485 WARN [org.apache.activemq.broker.BrokerService] - Memory Usage for the Broker (1024mb) is more than the maximum available for the JVM: 247 mb - resetting to 70% of maximum available: 173 mb
2017-05-16 15:21:17,543 INFO [org.apache.activemq.broker.BrokerService] - Using Persistence Adapter: KahaDBPersistenceAdapter[F:\omc-system\omc-system\omc-ni-framework\activemq-data]
2017-05-16 15:21:18,001 INFO [org.apache.activemq.store.kahadb.MessageDatabase] - KahaDB is version 6
2017-05-16 15:21:18,054 INFO [org.apache.activemq.store.kahadb.MessageDatabase] - Recovering from the journal @1:1065095
2017-05-16 15:21:18,332 INFO [org.apache.activemq.store.kahadb.MessageDatabase] - Recovery replayed 15314 operations from the journal in 0.318 seconds.
2017-05-16 15:21:18,397 INFO [org.apache.activemq.store.kahadb.plist.PListStoreImpl] - PListStore:[F:\omc-system\omc-system\omc-ni-framework\activemq-data\amq-broker\tmp_storage] started
2017-05-16 15:21:18,539 INFO [org.apache.activemq.broker.BrokerService] - Apache ActiveMQ 5.14.2 (amq-broker, ID:X6X8-20160129LE-55713-1494919278410-0:1) is starting
2017-05-16 15:21:18,584 INFO [org.apache.activemq.transport.TransportServerThreadSupport] - Listening for connections at: nio://X6X8-20160129LE:61616
2017-05-16 15:21:18,585 INFO [org.apache.activemq.broker.TransportConnector] - Connector nio started
2017-05-16 15:21:18,593 INFO [org.apache.activemq.broker.BrokerService] - Apache ActiveMQ 5.14.2 (amq-broker, ID:X6X8-20160129LE-55713-1494919278410-0:1) started
2017-05-16 15:21:18,593 INFO [org.apache.activemq.broker.BrokerService] - For help or more information please see: http://activemq.apache.org
2017-05-16 15:21:18,594 WARN [org.apache.activemq.broker.BrokerService] - Store limit is 102400 mb (current store usage is 2 mb). The data directory: F:\omc-system\omc-system\omc-ni-framework\activemq-data only has 66384 mb of usable space. - resetting to maximum available disk space: 66384 mb
2017-05-16 15:21:18,746 INFO [org.springframework.remoting.rmi.RmiServiceExporter] - Looking for RMI registry at port '1099'
2017-05-16 15:21:19,917 INFO [org.springframework.remoting.rmi.RmiServiceExporter] - Could not detect RMI registry - creating new one
2017-05-16 15:21:19,939 INFO [org.springframework.remoting.rmi.RmiServiceExporter] - Binding service 'IResInf' to RMI registry: RegistryImpl[UnicastServerRef [liveRef: [endpoint:[10.11.1.11:1099](local),objID:[0:0:0, 0]]]]
2017-05-16 15:21:19,942 INFO [org.springframework.remoting.rmi.RmiServiceExporter] - Binding service 'IMgrInf' to RMI registry: RegistryImpl[UnicastServerRef [liveRef: [endpoint:[10.11.1.11:1099](local),objID:[0:0:0, 0]]]]
2017-05-16 15:21:19,943 INFO [org.springframework.remoting.rmi.RmiServiceExporter] - Binding service 'IAlmInf' to RMI registry: RegistryImpl[UnicastServerRef [liveRef: [endpoint:[10.11.1.11:1099](local),objID:[0:0:0, 0]]]]
2017-05-16 15:21:45,432 INFO [org.springframework.context.support.FileSystemXmlApplicationContext] - Refreshing org.springframework.context.support.FileSystemXmlApplicationContext@28fb7: startup date [Tue May 16 15:21:45 CST 2017]; root of context hierarchy
2017-05-16 15:21:45,478 INFO [org.springframework.beans.factory.xml.XmlBeanDefinitionReader] - Loading XML bean definitions from class path resource [omc_applicationContext.xml]
2017-05-16 15:21:46,240 INFO [org.apache.xbean.spring.context.ResourceXmlApplicationContext] - Refreshing org.apache.xbean.spring.context.ResourceXmlApplicationContext@96ff60: startup date [Tue May 16 15:21:46 CST 2017]; parent: org.springframework.context.support.FileSystemXmlApplicationContext@28fb7
2017-05-16 15:21:46,242 INFO [org.apache.xbean.spring.context.v2.XBeanXmlBeanDefinitionReader] - Loading XML bean definitions from class path resource [activemq.xml]
2017-05-16 15:21:46,636 WARN [org.apache.activemq.broker.BrokerService] - Memory Usage for the Broker (1024mb) is more than the maximum available for the JVM: 247 mb - resetting to 70% of maximum available: 173 mb
2017-05-16 15:21:46,701 INFO [org.apache.activemq.broker.BrokerService] - Using Persistence Adapter: KahaDBPersistenceAdapter[F:\omc-system\omc-system\omc-ni-framework\activemq-data]
2017-05-16 15:21:46,985 INFO [org.apache.activemq.store.kahadb.MessageDatabase] - KahaDB is version 6
2017-05-16 15:21:47,014 INFO [org.apache.activemq.store.kahadb.MessageDatabase] - Recovering from the journal @1:1065095
2017-05-16 15:21:47,309 INFO [org.apache.activemq.store.kahadb.MessageDatabase] - Recovery replayed 15317 operations from the journal in 0.305 seconds.
2017-05-16 15:21:47,352 INFO [org.apache.activemq.store.kahadb.plist.PListStoreImpl] - PListStore:[F:\omc-system\omc-system\omc-ni-framework\activemq-data\amq-broker\tmp_storage] started
2017-05-16 15:21:47,506 INFO [org.apache.activemq.broker.BrokerService] - Apache ActiveMQ 5.14.2 (amq-broker, ID:X6X8-20160129LE-55725-1494919307367-0:1) is starting
2017-05-16 15:21:47,563 INFO [org.apache.activemq.transport.TransportServerThreadSupport] - Listening for connections at: nio://X6X8-20160129LE:61616
2017-05-16 15:21:47,564 INFO [org.apache.activemq.broker.TransportConnector] - Connector nio started
2017-05-16 15:21:47,565 INFO [org.apache.activemq.broker.BrokerService] - Apache ActiveMQ 5.14.2 (amq-broker, ID:X6X8-20160129LE-55725-1494919307367-0:1) started
2017-05-16 15:21:47,565 INFO [org.apache.activemq.broker.BrokerService] - For help or more information please see: http://activemq.apache.org
2017-05-16 15:21:47,566 WARN [org.apache.activemq.broker.BrokerService] - Store limit is 102400 mb (current store usage is 2 mb). The data directory: F:\omc-system\omc-system\omc-ni-framework\activemq-data only has 66384 mb of usable space. - resetting to maximum available disk space: 66384 mb
2017-05-16 15:21:57,079 INFO [org.springframework.remoting.rmi.RmiServiceExporter] - Looking for RMI registry at port '1099'
2017-05-16 15:21:58,270 INFO [org.springframework.remoting.rmi.RmiServiceExporter] - Could not detect RMI registry - creating new one
2017-05-16 15:21:58,285 INFO [org.springframework.remoting.rmi.RmiServiceExporter] - Binding service 'IMgrInf' to RMI registry: RegistryImpl[UnicastServerRef [liveRef: [endpoint:[10.11.1.11:1099](local),objID:[0:0:0, 0]]]]
2017-05-16 15:21:58,291 INFO [org.springframework.remoting.rmi.RmiServiceExporter] - Binding service 'IResInf' to RMI registry: RegistryImpl[UnicastServerRef [liveRef: [endpoint:[10.11.1.11:1099](local),objID:[0:0:0, 0]]]]
2017-05-16 15:21:58,292 INFO [org.springframework.remoting.rmi.RmiServiceExporter] - Binding service 'IAlmInf' to RMI registry: RegistryImpl[UnicastServerRef [liveRef: [endpoint:[10.11.1.11:1099](local),objID:[0:0:0, 0]]]]
